<?xml version="1.0" encoding="UTF-8"?>
<testsuite name="Tutorialninja Test"
           tests="2"
           failures="0"
           errors="0"
           skipped="0"
           time="6.337">
  <properties />
  
  
            <testcase name="verifyThatUserShouldLoginAndLogoutSuccessfully" time="4.664" classname="com.tutorialsninja.testsuite.AccountLoginTest" />
                <testcase name="verifyUserShouldNavigateToLoginPageSuccessfully" time="1.673" classname="com.tutorialsninja.testsuite.AccountLoginTest" />
      
</testsuite>
